<?xml version="1.0" encoding="UTF-8"?>
<testsuite xmlns:xsi="http://www.w3.org/2001/XMLSchema-instance" xsi:noNamespaceSchemaLocation="https://maven.apache.org/surefire/maven-surefire-plugin/xsd/surefire-test-report.xsd" name="com.main.MainApplicationTest" time="21.531" tests="4" errors="0" skipped="0" failures="0">
  <properties>
[...]
</properties>
  <testcase name="test004" classname="com.main.MainApplicationTest" time="2.065"/>
  <testcase name="test01" classname="com.main.MainApplicationTest" time="0.171"/>
  <testcase name="test02" classname="com.main.MainApplicationTest" time="5.203"/>
  <testcase name="test03" classname="com.main.MainApplicationTest" time="10.036"/>
</testsuite>